<?xml version="1.0" encoding="UTF-8"?>
<testng-results ignored="0" total="1" passed="1" failed="0" skipped="0">
  <reporter-output>
  </reporter-output>
  <suite started-at="2024-12-26T08:59:54 IST" name="Default suite" finished-at="2024-12-26T09:00:04 IST" duration-ms="10825">
    <groups>
    </groups>
    <test started-at="2024-12-26T08:59:54 IST" name="Default test" finished-at="2024-12-26T09:00:04 IST" duration-ms="10825">
      <class name="org.tests.OpinionScraperTest">
        <test-method is-config="true" signature="setup()[pri:0, instance:org.tests.OpinionScraperTest@6933b6c6]" started-at="2024-12-26T08:59:54 IST" name="setup" finished-at="2024-12-26T09:00:02 IST" duration-ms="8678" status="PASS">
          <reporter-output>
          </reporter-output>
        </test-method> <!-- setup -->
        <test-method signature="scrapeAndAnalyze()[pri:0, instance:org.tests.OpinionScraperTest@6933b6c6]" started-at="2024-12-26T09:00:02 IST" name="scrapeAndAnalyze" finished-at="2024-12-26T09:00:04 IST" duration-ms="1946" status="PASS">
          <reporter-output>
          </reporter-output>
        </test-method> <!-- scrapeAndAnalyze -->
        <test-method is-config="true" signature="tearDown()[pri:0, instance:org.tests.OpinionScraperTest@6933b6c6]" started-at="2024-12-26T09:00:04 IST" name="tearDown" finished-at="2024-12-26T09:00:04 IST" duration-ms="163" status="PASS">
          <reporter-output>
          </reporter-output>
        </test-method> <!-- tearDown -->
      </class> <!-- org.tests.OpinionScraperTest -->
    </test> <!-- Default test -->
  </suite> <!-- Default suite -->
</testng-results>
